<?xml version="1.0" encoding="UTF-8"?>
<!-- Generated by org.testng.reporters.JUnitReportReporter -->
<testsuite hostname="DESKTOP-N54R2FB" failures="0" tests="4" name="testRunner.runnerfile" time="24.513" errors="0" timestamp="2025-10-17T18:15:47 IST" skipped="0">
  <testcase classname="testRunner.runnerfile" name="runScenario" time="5.982"/>
  <testcase classname="testRunner.runnerfile" name="runScenario" time="5.116"/>
  <testcase classname="testRunner.runnerfile" name="runScenario" time="4.341"/>
  <testcase classname="testRunner.runnerfile" name="runScenario" time="9.074"/>
</testsuite> <!-- testRunner.runnerfile -->
