<?xml version="1.0" encoding="UTF-8"?>
<!-- Generated by org.testng.reporters.JUnitReportReporter -->
<testsuite hostname="DESKTOP-N54R2FB" failures="0" tests="1" name="testRunner.runnerfile" time="12.299" errors="0" timestamp="2025-10-19T13:41:28 IST" skipped="0">
  <testcase classname="testRunner.runnerfile" name="runScenario" time="12.299"/>
</testsuite> <!-- testRunner.runnerfile -->
